<?xml version="1.0"?>

<!-- This is a test setup for SQL directories that is similar to the
  default-sql-directories-bundles.xml setup except that the datasource is set
  to a in memory backend -->

<component name="org.nuxeo.ecm.platform.task.test.directories">
  <require>org.nuxeo.ecm.platform.test.directory.sql.storage</require>
  <extension target="org.nuxeo.ecm.directory.sql.SQLDirectoryFactory"
    point="directories">

    <directory name="userDirectory">

      <dataFile>data/test-users.csv</dataFile>

      <references>
        <tableReference field="groups" directory="groupDirectory"
          table="user2group" sourceColumn="userId"
          targetColumn="groupId" dataFile="data/test-user2group.csv" />
      </references>

    </directory>


    <directory name="groupDirectory">

      <dataFile>data/test-groups.csv</dataFile>

    </directory>

  </extension>
</component>
