<?xml version="1.0"?>
<component name="org.nuxeo.ecm.core.storage.sql.test.repo.repository">
  <extension target="org.nuxeo.ecm.core.storage.sql.RepositoryService"
    point="repository">
    <repository name="test">
      <schema>
        <field type="largetext">note</field>
        <field type="largetext">relatedtext</field>
      </schema>
      <indexing>
        <neverPerDocumentFacets>
          <facet>NotPerDocFacet</facet>
        </neverPerDocumentFacets>
        <fulltext disabled="${nuxeo.test.fulltext.disabled}"
          searchDisabled="${nuxeo.test.fulltext.search.disabled}">
          <index> <!-- name="default" implied -->
            <!-- all props implied -->
          </index>
          <index name="title">
            <field>dc:title</field>
          </index>
        </fulltext>
      </indexing>
    </repository>
  </extension>
</component>
