<?xml version="1.0"?>
<component name="org.nuxeo.ecm.platform.usermanager.test-fake">

  <require>org.nuxeo.ecm.platform.usermanager.test</require>

  <extension target="org.nuxeo.ecm.platform.usermanager.UserService"
      point="userManager">
    <userManager
        class="org.nuxeo.ecm.platform.usermanager.FakeUserManagerImpl">
      <users>
        <virtualUser id="MyCustomMember" searchable="false">
          <password>secret</password>
          <property name="first">My Custom</property>
          <property name="last">Member</property>
          <group>members</group>
          <group>othergroup</group>
        </virtualUser>
      </users>
      <groups>
        <listingMode>search_oh_yeah</listingMode>
      </groups>
    </userManager>
  </extension>

</component>
