<?xml version="1.0"?>
<component
    name="org.nuxeo.ecm.platform.content.template.service.ContentTemplateService.testContrib">

  <require>org.nuxeo.ecm.platform.content.template.service.ContentTemplateService.defaultContrib</require>

  <extension
      target="org.nuxeo.ecm.core.schema.TypeService"
      point="doctype">
     <facet name="TestTemplateFacet"/>
  </extension>
  
  <extension
      target="org.nuxeo.ecm.platform.content.template.service.ContentTemplateService"
      point="factoryBinding">
    
    <factoryBinding name="WorkspaceFactory" factoryName="SimpleTemplateFactory"
                     targetType="Workspace" append="true">
      <template>
        <templateItem typeName="Folder" id="Folder1" title="Folder1" description="First Folder">
          <properties>
            <property xpath="dublincore:creator" value="Administrator"/>
            <property xpath="dublincore:coverage" value="coverage"/>
          </properties>
        </templateItem>
        <templateItem typeName="Folder" id="Secret_Folder" title="Secret Folder"
                      description="Secret Folder">
          <acl>
            <ace granted="true" permission="Everything" userName="Administrator"/>
            <ace granted="false" permission="Everything" userName="Everyone"/>
          </acl>
          <notifications>
            <notification event="Modification">
              <user>jdoe</user>
              <user>bree</user>
              <group>members</group>
              </notification>
            <notification event="Creation">
              <group>members</group>
            </notification>
          </notifications>
        </templateItem>
        <templateItem typeName="Folder" id="Folder2" title="Folder2" description="Second Folder"/>
      </template>
    </factoryBinding>

    <factoryBinding name="DomainFactory" factoryName="SimpleTemplateFactory" targetType="Domain" append="true">
      <template>
        <templateItem typeName="Section" id="Section" title="Section" path="sections"
                      description="Section created in SectionRoot"/>
      </template>
    </factoryBinding>
   <factoryBinding name="TestFacetFactory" factoryName="SimpleTemplateFactory" targetFacet="TestTemplateFacet">
      <acl>
        <ace granted="true" permission="Everything" principal="Administrator"/>
        <ace granted="true" permission="Dream" principal="Danny"/>
      </acl>
      <template>
        <templateItem typeName="Folder" id="FacetFolder" title="FacetFolder"
                      description="folder created by facetFactories"/>
      </template>
    </factoryBinding>

  </extension>

  <extension target="org.nuxeo.ecm.platform.content.template.service.ContentTemplateService"
    point="postContentCreationHandlers">

    <postContentCreationHandler name="testHandler"
      class="org.nuxeo.ecm.platform.content.template.tests.SimplePostContentCreationHandler" />

  </extension>
</component>
