<?xml version="1.0" encoding="UTF-8"?>
<component name="org.nuxeo.ecm.core.persistence.config.test">

  <extension target="org.nuxeo.ecm.core.persistence.PersistenceComponent"
    point="hibernate">
    <hibernateConfiguration name="nxtest">
      <datasource>${nuxeo.test.vcs.database}</datasource>
      <properties>
        <property name="hibernate.hbm2ddl.auto">update</property>
      </properties>
    </hibernateConfiguration>
  </extension>

</component>
